<?xml version="1.0" encoding="UTF-8"?>
<coverage generated="1708605515368" clover="3.2.0">
  <project timestamp="1708605515368" name="All files">
    <metrics statements="17" coveredstatements="16" conditionals="4" coveredconditionals="4" methods="10" coveredmethods="8" elements="31" coveredelements="28" complexity="0" loc="17" ncloc="17" packages="1" files="2" classes="2"/>
    <file name="Calculator.js" path="C:\Users\rafal\OneDrive\Pulpit\Marta\it-programowanie\Kurs\Node\testing\helpers\Calculator.js">
      <metrics statements="8" coveredstatements="7" conditionals="0" coveredconditionals="0" methods="9" coveredmethods="7"/>
      <line num="2" count="5" type="stmt"/>
      <line num="16" count="6" type="stmt"/>
      <line num="19" count="0" type="stmt"/>
      <line num="23" count="4" type="stmt"/>
      <line num="26" count="3" type="stmt"/>
      <line num="29" count="1" type="stmt"/>
      <line num="32" count="5" type="stmt"/>
      <line num="36" count="1" type="stmt"/>
    </file>
    <file name="getRootsNdPol.js" path="C:\Users\rafal\OneDrive\Pulpit\Marta\it-programowanie\Kurs\Node\testing\helpers\getRootsNdPol.js">
      <metrics statements="9" coveredstatements="9" conditionals="4" coveredconditionals="4" methods="1" coveredmethods="1"/>
      <line num="2" count="3" type="stmt"/>
      <line num="3" count="3" type="cond" truecount="2" falsecount="0"/>
      <line num="4" count="1" type="stmt"/>
      <line num="5" count="1" type="stmt"/>
      <line num="7" count="1" type="stmt"/>
      <line num="9" count="2" type="cond" truecount="2" falsecount="0"/>
      <line num="10" count="1" type="stmt"/>
      <line num="12" count="1" type="stmt"/>
      <line num="15" count="1" type="stmt"/>
    </file>
  </project>
</coverage>
