TN:
SF:helpers\Calculator.js
FN:3,(anonymous_0)
FN:16,(anonymous_1)
FN:18,(anonymous_2)
FN:19,(anonymous_3)
FN:21,(anonymous_4)
FN:22,(anonymous_5)
FN:25,(anonymous_6)
FN:28,(anonymous_7)
FN:31,(anonymous_8)
FNF:9
FNH:7
FNDA:2,(anonymous_0)
FNDA:6,(anonymous_1)
FNDA:0,(anonymous_2)
FNDA:0,(anonymous_3)
FNDA:1,(anonymous_4)
FNDA:4,(anonymous_5)
FNDA:3,(anonymous_6)
FNDA:1,(anonymous_7)
FNDA:5,(anonymous_8)
DA:2,5
DA:16,6
DA:19,0
DA:23,4
DA:26,3
DA:29,1
DA:32,5
DA:36,1
LF:8
LH:7
BRF:0
BRH:0
end_of_record
TN:
SF:helpers\getRootsNdPol.js
FN:1,getRootsNdPol
FNF:1
FNH:1
FNDA:3,getRootsNdPol
DA:2,3
DA:3,3
DA:4,1
DA:5,1
DA:7,1
DA:9,2
DA:10,1
DA:12,1
DA:15,1
LF:9
LH:9
BRDA:3,0,0,1
BRDA:3,0,1,2
BRDA:9,1,0,1
BRDA:9,1,1,1
BRF:4
BRH:4
end_of_record
